
MacOS or linux terminal command to create your ssh tunnel:
ssh -N -L 52698:cn-0037:52698 kn2347@bigpurple3.nyumc.org
   
For more info and how to connect from windows, 
   see research.computing.yale.edu/jupyter-nb
Here is the MobaXterm info:
Forwarded port:same as remote port
Remote server: cn-0037
Remote port: 52698
SSH server: bigpurple3.nyumc.org
SSH login: kn2347
SSH port: 22
Use a Browser on your local machine to go to:
http://localhost:52698  (prefix w/ https:// if using password)

Loading anaconda2/gpu/5.2.0
  Loading requirement: cuda/9.1
/gpfs/share/apps/anaconda2/gpu/5.2.0/lib/python2.7/site-packages/IPython/paths.py:62: UserWarning: IPython dir '/gpfs/home/kn2347/.ipython' is not a writable location, using a temp directory.
  " using a temp directory.".format(ipdir))
[I 12:33:16.751 LabApp] JupyterLab beta preview extension loaded from /gpfs/share/apps/anaconda2/gpu/5.2.0/lib/python2.7/site-packages/jupyterlab
[I 12:33:16.751 LabApp] JupyterLab application directory is /gpfs/share/apps/anaconda2/gpu/5.2.0/share/jupyter/lab
[I 12:33:16.761 LabApp] Serving notebooks from local directory: /gpfs/home/kn2347/HCP_MedSAM_project
[I 12:33:16.762 LabApp] 0 active kernels
[I 12:33:16.762 LabApp] The Jupyter Notebook is running at:
[I 12:33:16.762 LabApp] http://cn-0037:52698/?token=9f0db18584a07624d9bcc24030ff22c042fe738ba66ead7e
[I 12:33:16.762 LabApp] Use Control-C to stop this server and shut down all kernels (twice to skip confirmation).
[C 12:33:16.786 LabApp] 
    
    Copy/paste this URL into your browser when you connect for the first time,
    to login with a token:
        http://cn-0037:52698/?token=9f0db18584a07624d9bcc24030ff22c042fe738ba66ead7e&token=9f0db18584a07624d9bcc24030ff22c042fe738ba66ead7e
slurmstepd-cn-0037: error: *** JOB 55232751 ON cn-0037 CANCELLED AT 2024-11-26T12:33:15 DUE TO TIME LIMIT ***
