
MacOS or linux terminal command to create your ssh tunnel:
ssh -N -L 8536:a100-4013:8536 kn2347@bigpurple3.nyumc.org
   
For more info and how to connect from windows, 
   see research.computing.yale.edu/jupyter-nb
Here is the MobaXterm info:
Forwarded port:same as remote port
Remote server: a100-4013
Remote port: 8536
SSH server: bigpurple3.nyumc.org
SSH login: kn2347
SSH port: 22
Use a Browser on your local machine to go to:
http://localhost:8536  (prefix w/ https:// if using password)

Loading anaconda3/gpu/2022.10
  Loading requirement: cuda/11.8
Note: NumExpr detected 48 cores but "NUMEXPR_MAX_THREADS" not set, so enforcing safe limit of 8.
NumExpr defaulting to 8 threads.
[W 2024-11-25 14:31:49.705 ServerApp] The module 'panel.io.jupyter_server_extension' could not be found (libjpeg-183418da.so.9.4.0: cannot open shared object file: No such file or directory). Are you sure the extension is installed?
[I 2024-11-25 14:31:49.715 ServerApp] jupyterlab | extension was successfully linked.
/gpfs/share/apps/anaconda3/gpu/2022.10/lib/python3.9/site-packages/IPython/paths.py:59: UserWarning: IPython dir '/gpfs/home/kn2347/.ipython' is not a writable location, using a temp directory.
  warn("IPython dir '{0}' is not a writable location,"
[I 2024-11-25 14:31:54.000 ServerApp] nbclassic | extension was successfully linked.
/gpfs/share/apps/anaconda3/gpu/2022.10/lib/python3.9/site-packages/IPython/paths.py:59: UserWarning: IPython dir '/gpfs/home/kn2347/.ipython' is not a writable location, using a temp directory.
  warn("IPython dir '{0}' is not a writable location,"
[I 2024-11-25 14:31:54.121 ServerApp] nbclassic | extension was successfully loaded.
[I 2024-11-25 14:31:54.122 LabApp] JupyterLab extension loaded from /gpfs/share/apps/anaconda3/gpu/2022.10/lib/python3.9/site-packages/jupyterlab
[I 2024-11-25 14:31:54.122 LabApp] JupyterLab application directory is /gpfs/share/apps/anaconda3/gpu/2022.10/share/jupyter/lab
[I 2024-11-25 14:31:54.125 ServerApp] jupyterlab | extension was successfully loaded.
[I 2024-11-25 14:31:54.125 ServerApp] Serving notebooks from local directory: /gpfs/home/kn2347/HCP_MedSAM_project
[I 2024-11-25 14:31:54.125 ServerApp] Jupyter Server 1.18.1 is running at:
[I 2024-11-25 14:31:54.125 ServerApp] http://a100-4013:8536/lab?token=8740900a96ad7f8c9a1335064b1bb289c5b19de808c2b67b
[I 2024-11-25 14:31:54.126 ServerApp]  or http://127.0.0.1:8536/lab?token=8740900a96ad7f8c9a1335064b1bb289c5b19de808c2b67b
[I 2024-11-25 14:31:54.126 ServerApp] Use Control-C to stop this server and shut down all kernels (twice to skip confirmation).
[C 2024-11-25 14:31:54.130 ServerApp] 
    
    To access the server, open this file in a browser:
        file:///gpfs/home/kn2347/.local/share/jupyter/runtime/jpserver-2715387-open.html
    Or copy and paste one of these URLs:
        http://a100-4013:8536/lab?token=8740900a96ad7f8c9a1335064b1bb289c5b19de808c2b67b
     or http://127.0.0.1:8536/lab?token=8740900a96ad7f8c9a1335064b1bb289c5b19de808c2b67b
slurmstepd-a100-4013: error: *** JOB 55233983 ON a100-4013 CANCELLED AT 2024-11-25T17:24:27 ***
