++ date
+ echo 'start time: Fri Nov 29 13:45:22 EST 2024'
start time: Fri Nov 29 13:45:22 EST 2024
+ echo SLURM_JOBID=55400468
SLURM_JOBID=55400468
+ echo SLURM_JOB_NODELIST=gpu-0002
SLURM_JOB_NODELIST=gpu-0002
+ echo SLURM_JOB_PARTITION=gpu8_medium
SLURM_JOB_PARTITION=gpu8_medium
+ echo SLURM_NNODES=1
SLURM_NNODES=1
+ echo SLURM_GPUS_ON_NODE=1
SLURM_GPUS_ON_NODE=1
+ echo SLURM_SUBMIT_DIR=/gpfs/home/kn2347/HCP_MedSAM_project
SLURM_SUBMIT_DIR=/gpfs/home/kn2347/HCP_MedSAM_project
+ GPUS_PER_NODE=1
++ hostname -s
+ MAIN_HOST=gpu-0002
+ export MASTER_ADDR=gpu-0002
+ MASTER_ADDR=gpu-0002
++ python -
+ export MASTER_PORT=39931
+ MASTER_PORT=39931
+ export NNODES=1
+ NNODES=1
+ WORLD_SIZE=1
+ echo 'nnodes: 1'
nnodes: 1
+ export NCCL_IB_DISABLE=1
+ NCCL_IB_DISABLE=1
+ export OMP_NUM_THREADS=1
+ OMP_NUM_THREADS=1
+ export NCCL_DEBUG=INFO
+ NCCL_DEBUG=INFO
+ echo SLURM_JOBID=55400468
SLURM_JOBID=55400468
+ echo SLURM_JOB_NODELIST=gpu-0002
SLURM_JOB_NODELIST=gpu-0002
+ echo SLURM_JOB_PARTITION=gpu8_medium
SLURM_JOB_PARTITION=gpu8_medium
+ echo SLURM_NNODES=1
SLURM_NNODES=1
+ echo SLURM_GPUS_ON_NODE=1
SLURM_GPUS_ON_NODE=1
+ echo SLURM_SUBMIT_DIR=/gpfs/home/kn2347/HCP_MedSAM_project
SLURM_SUBMIT_DIR=/gpfs/home/kn2347/HCP_MedSAM_project
+ echo SLURM_NTASKS=1
SLURM_NTASKS=1
+ module purge
+ unset _mlshdbg
+ '[' 0 = 1 ']'
+ unset _mlre _mlIFS
+ '[' -n x ']'
+ _mlIFS=' 	
'
+ IFS=' '
+ '[' -n '' ']'
++ /usr/bin/tclsh /cm/local/apps/environment-modules/4.4.0/libexec/modulecmd.tcl bash purge
+ eval unset 'LD_LIBRARY_PATH;
unset' 'MODULES_LMPREREQ;
unset' 'CPATH;
unset' 'LIBRARY_PATH;
MANPATH=/cm/local/apps/environment-modules/4.4.0//share/man:/usr/local/share/man:/usr/share/man:/cm/local/apps/environment-modules/current/share/man;' export 'MANPATH;
unset' 'LOADEDMODULES;
unset' '_LMFILES_;
unset' 'PKG_CONFIG_PATH;
unset' 'MODULES_LMALTNAME;
unset' 'LIBRARY_PATH_modshare;
MANPATH_modshare=/usr/local/share/man:1:/cm/local/apps/environment-modules/4.4.0//share/man:1:/cm/local/apps/environment-modules/current/share/man:1:/usr/share/man:1;' export 'MANPATH_modshare;
unset' 'PKG_CONFIG_PATH_modshare;
unset' 'MODULES_LMALTNAME_modshare;
unset' 'MODULES_LMNOTUASKED;
unset' 'MODULES_LMNOTUASKED_modshare;
unset' 'LD_LIBRARY_PATH_modshare;
unset' 'MODULES_LMPREREQ_modshare;
unset' 'CPATH_modshare;
unset' 'LOADEDMODULES_modshare;
unset' '_LMFILES__modshare;
PATH=/cm/local/apps/environment-modules/4.4.0//bin:/usr/local/bin:/usr/bin:/usr/local/sbin:/usr/sbin:/sbin:/usr/sbin:/cm/local/apps/environment-modules/current/bin:/usr/lpp/mmfs/bin:/gpfs/home/kn2347/.local/bin:/gpfs/home/kn2347/bin;' export 'PATH;
PATH_modshare=/cm/local/apps/environment-modules/4.4.0//bin:1:/usr/sbin:1:/cm/local/apps/environment-modules/current/bin:1:/usr/bin:1:/usr/local/sbin:1:/usr/lpp/mmfs/bin:1:/usr/local/bin:1:/sbin:1:/gpfs/home/kn2347/.local/bin:1:/gpfs/home/kn2347/bin:1;' export 'PATH_modshare;
test' '0;'
++ unset LD_LIBRARY_PATH
++ unset MODULES_LMPREREQ
++ unset CPATH
++ unset LIBRARY_PATH
++ MANPATH=/cm/local/apps/environment-modules/4.4.0//share/man:/usr/local/share/man:/usr/share/man:/cm/local/apps/environment-modules/current/share/man
++ export MANPATH
++ unset LOADEDMODULES
++ unset _LMFILES_
++ unset PKG_CONFIG_PATH
++ unset MODULES_LMALTNAME
++ unset LIBRARY_PATH_modshare
++ MANPATH_modshare=/usr/local/share/man:1:/cm/local/apps/environment-modules/4.4.0//share/man:1:/cm/local/apps/environment-modules/current/share/man:1:/usr/share/man:1
++ export MANPATH_modshare
++ unset PKG_CONFIG_PATH_modshare
++ unset MODULES_LMALTNAME_modshare
++ unset MODULES_LMNOTUASKED
++ unset MODULES_LMNOTUASKED_modshare
++ unset LD_LIBRARY_PATH_modshare
++ unset MODULES_LMPREREQ_modshare
++ unset CPATH_modshare
++ unset LOADEDMODULES_modshare
++ unset _LMFILES__modshare
++ PATH=/cm/local/apps/environment-modules/4.4.0//bin:/usr/local/bin:/usr/bin:/usr/local/sbin:/usr/sbin:/sbin:/usr/sbin:/cm/local/apps/environment-modules/current/bin:/usr/lpp/mmfs/bin:/gpfs/home/kn2347/.local/bin:/gpfs/home/kn2347/bin
++ export PATH
++ PATH_modshare=/cm/local/apps/environment-modules/4.4.0//bin:1:/usr/sbin:1:/cm/local/apps/environment-modules/current/bin:1:/usr/bin:1:/usr/local/sbin:1:/usr/lpp/mmfs/bin:1:/usr/local/bin:1:/sbin:1:/gpfs/home/kn2347/.local/bin:1:/gpfs/home/kn2347/bin:1
++ export PATH_modshare
++ test 0
+ _mlstatus=0
+ '[' -n x ']'
+ IFS=' 	
'
+ unset _mlre _mlv _mlrv _mlIFS
+ '[' -n '' ']'
+ unset _mlshdbg
+ return 0
+ module add anaconda3/gpu/2022.10
+ unset _mlshdbg
+ '[' 0 = 1 ']'
+ unset _mlre _mlIFS
+ '[' -n x ']'
+ _mlIFS=' 	
'
+ IFS=' '
+ '[' -n '' ']'
++ /usr/bin/tclsh /cm/local/apps/environment-modules/4.4.0/libexec/modulecmd.tcl bash add anaconda3/gpu/2022.10
Loading anaconda3/gpu/2022.10
  Loading requirement: cuda/11.8
+ eval 'MODULES_LMPREREQ=anaconda3/gpu/2022.10\&cuda/11.8\&cuda;' export 'MODULES_LMPREREQ;
CPATH=/gpfs/share/apps/anaconda3/gpu/2022.10/include;' export 'CPATH;
LD_LIBRARY_PATH=/gpfs/share/apps/cuda/11.8/extras/CUPTI/lib64:/gpfs/share/apps/cuda/11.8/targets/x86_64-linux/lib:/gpfs/share/apps/cuda/11.8/lib64;' export 'LD_LIBRARY_PATH;
INCLUDEPATH=/gpfs/share/apps/cuda/11.8/extras/Debugger/include:/gpfs/share/apps/cuda/11.8/extras/CUPTI/include:/gpfs/share/apps/cuda/11.8/targets/x86_64-linux/include;' export 'INCLUDEPATH;
MANPATH=/gpfs/share/apps/anaconda3/gpu/2022.10/man:/gpfs/share/apps/cuda/11.8/doc/man:/cm/local/apps/environment-modules/4.4.0//share/man:/usr/local/share/man:/usr/share/man:/cm/local/apps/environment-modules/current/share/man;' export 'MANPATH;
CUDA_INCLUDE_DIRS=/gpfs/share/apps/cuda/11.8/include;' export 'CUDA_INCLUDE_DIRS;
LIBRARY_PATH=/gpfs/share/apps/cuda/11.8/targets/x86_64-linux/lib:/gpfs/share/apps/cuda/11.8/lib64;' export 'LIBRARY_PATH;
_LMFILES_=/cm/shared/modulefiles/cuda/11.8:/cm/shared/modulefiles/anaconda3/gpu/2022.10;' export '_LMFILES_;
LOADEDMODULES=cuda/11.8:anaconda3/gpu/2022.10;' export 'LOADEDMODULES;
CUDA_CMLOCAL_ROOT=/gpfs/share/apps/cuda/11.8;' export 'CUDA_CMLOCAL_ROOT;
CUDA_INC_PATH=/gpfs/share/apps/cuda/11.8/include;' export 'CUDA_INC_PATH;
MODULES_LMCONFLICT=anaconda3/gpu/2022.10\&anaconda3\&python;' export 'MODULES_LMCONFLICT;
ANACONDA3_ROOT=/gpfs/share/apps/anaconda3/gpu/2022.10;' export 'ANACONDA3_ROOT;
CUDA_CACHE_DISABLE=1;' export 'CUDA_CACHE_DISABLE;
INCLUDEPATH_modshare=/gpfs/share/apps/cuda/11.8/extras/Debugger/include:1:/gpfs/share/apps/cuda/11.8/extras/CUPTI/include:1:/gpfs/share/apps/cuda/11.8/targets/x86_64-linux/include:1;' export 'INCLUDEPATH_modshare;
MANPATH_modshare=/usr/local/share/man:1:/gpfs/share/apps/anaconda3/gpu/2022.10/man:1:/cm/local/apps/environment-modules/4.4.0//share/man:1:/cm/local/apps/environment-modules/current/share/man:1:/usr/share/man:1:/gpfs/share/apps/cuda/11.8/doc/man:1;' export 'MANPATH_modshare;
CUDA_INCLUDE_DIRS_modshare=/gpfs/share/apps/cuda/11.8/include:1;' export 'CUDA_INCLUDE_DIRS_modshare;
LIBRARY_PATH_modshare=/gpfs/share/apps/cuda/11.8/targets/x86_64-linux/lib:1:/gpfs/share/apps/cuda/11.8/lib64:1;' export 'LIBRARY_PATH_modshare;
MODULES_LMCONFLICT_modshare=anaconda3/gpu/2022.10\&anaconda3\&python:1;' export 'MODULES_LMCONFLICT_modshare;
PYTHONPATH=/gpfs/share/apps/anaconda3/gpu/2022.10/lib/python3.9/site-packages;' export 'PYTHONPATH;
MODULES_LMNOTUASKED=cuda/11.8;' export 'MODULES_LMNOTUASKED;
CUDA_INSTALL_PATH=/gpfs/share/apps/cuda/11.8;' export 'CUDA_INSTALL_PATH;
CUDA_ROOT=/gpfs/share/apps/cuda/11.8;' export 'CUDA_ROOT;
PYTHONPATH_modshare=/gpfs/share/apps/anaconda3/gpu/2022.10/lib/python3.9/site-packages:1;' export 'PYTHONPATH_modshare;
MODULES_LMNOTUASKED_modshare=cuda/11.8:1;' export 'MODULES_LMNOTUASKED_modshare;
CUDA_PATH=/gpfs/share/apps/cuda/11.8;' export 'CUDA_PATH;
MODULES_LMPREREQ_modshare=anaconda3/gpu/2022.10\&cuda/11.8\&cuda:1;' export 'MODULES_LMPREREQ_modshare;
CPATH_modshare=/gpfs/share/apps/anaconda3/gpu/2022.10/include:1;' export 'CPATH_modshare;
LD_LIBRARY_PATH_modshare=/gpfs/share/apps/cuda/11.8/extras/CUPTI/lib64:1:/gpfs/share/apps/cuda/11.8/targets/x86_64-linux/lib:1:/gpfs/share/apps/cuda/11.8/lib64:1;' export 'LD_LIBRARY_PATH_modshare;
CUDA_CUDART_LIBRARY=/gpfs/share/apps/cuda/11.8/targets/x86_64-linux/lib;' export 'CUDA_CUDART_LIBRARY;
_LMFILES__modshare=/cm/shared/modulefiles/cuda/11.8:1:/cm/shared/modulefiles/anaconda3/gpu/2022.10:1;' export '_LMFILES__modshare;
LOADEDMODULES_modshare=cuda/11.8:1:anaconda3/gpu/2022.10:1;' export 'LOADEDMODULES_modshare;
CUDA_INC_PATH_modshare=/gpfs/share/apps/cuda/11.8/include:1;' export 'CUDA_INC_PATH_modshare;
CUDA_CUDART_LIBRARY_modshare=/gpfs/share/apps/cuda/11.8/targets/x86_64-linux/lib:1;' export 'CUDA_CUDART_LIBRARY_modshare;
CUDA_HOME=/gpfs/share/apps/cuda/11.8;' export 'CUDA_HOME;
PATH=/gpfs/share/apps/anaconda3/gpu/2022.10/bin:/gpfs/share/apps/cuda/11.8/bin:/cm/local/apps/environment-modules/4.4.0//bin:/usr/local/bin:/usr/bin:/usr/local/sbin:/usr/sbin:/sbin:/usr/sbin:/cm/local/apps/environment-modules/current/bin:/usr/lpp/mmfs/bin:/gpfs/home/kn2347/.local/bin:/gpfs/home/kn2347/bin;' export 'PATH;
PATH_modshare=/cm/local/apps/environment-modules/current/bin:1:/cm/local/apps/environment-modules/4.4.0//bin:1:/usr/bin:1:/gpfs/share/apps/anaconda3/gpu/2022.10/bin:1:/usr/local/bin:1:/sbin:1:/usr/sbin:1:/usr/lpp/mmfs/bin:1:/usr/local/sbin:1:/gpfs/home/kn2347/bin:1:/gpfs/home/kn2347/.local/bin:1:/gpfs/share/apps/cuda/11.8/bin:1;' export 'PATH_modshare;
source' '/gpfs/share/apps/anaconda3/gpu/2022.10/etc/profile.d/conda.sh


test' '0;'
++ MODULES_LMPREREQ='anaconda3/gpu/2022.10&cuda/11.8&cuda'
++ export MODULES_LMPREREQ
++ CPATH=/gpfs/share/apps/anaconda3/gpu/2022.10/include
++ export CPATH
++ LD_LIBRARY_PATH=/gpfs/share/apps/cuda/11.8/extras/CUPTI/lib64:/gpfs/share/apps/cuda/11.8/targets/x86_64-linux/lib:/gpfs/share/apps/cuda/11.8/lib64
++ export LD_LIBRARY_PATH
++ INCLUDEPATH=/gpfs/share/apps/cuda/11.8/extras/Debugger/include:/gpfs/share/apps/cuda/11.8/extras/CUPTI/include:/gpfs/share/apps/cuda/11.8/targets/x86_64-linux/include
++ export INCLUDEPATH
++ MANPATH=/gpfs/share/apps/anaconda3/gpu/2022.10/man:/gpfs/share/apps/cuda/11.8/doc/man:/cm/local/apps/environment-modules/4.4.0//share/man:/usr/local/share/man:/usr/share/man:/cm/local/apps/environment-modules/current/share/man
++ export MANPATH
++ CUDA_INCLUDE_DIRS=/gpfs/share/apps/cuda/11.8/include
++ export CUDA_INCLUDE_DIRS
++ LIBRARY_PATH=/gpfs/share/apps/cuda/11.8/targets/x86_64-linux/lib:/gpfs/share/apps/cuda/11.8/lib64
++ export LIBRARY_PATH
++ _LMFILES_=/cm/shared/modulefiles/cuda/11.8:/cm/shared/modulefiles/anaconda3/gpu/2022.10
++ export _LMFILES_
++ LOADEDMODULES=cuda/11.8:anaconda3/gpu/2022.10
++ export LOADEDMODULES
++ CUDA_CMLOCAL_ROOT=/gpfs/share/apps/cuda/11.8
++ export CUDA_CMLOCAL_ROOT
++ CUDA_INC_PATH=/gpfs/share/apps/cuda/11.8/include
++ export CUDA_INC_PATH
++ MODULES_LMCONFLICT='anaconda3/gpu/2022.10&anaconda3&python'
++ export MODULES_LMCONFLICT
++ ANACONDA3_ROOT=/gpfs/share/apps/anaconda3/gpu/2022.10
++ export ANACONDA3_ROOT
++ CUDA_CACHE_DISABLE=1
++ export CUDA_CACHE_DISABLE
++ INCLUDEPATH_modshare=/gpfs/share/apps/cuda/11.8/extras/Debugger/include:1:/gpfs/share/apps/cuda/11.8/extras/CUPTI/include:1:/gpfs/share/apps/cuda/11.8/targets/x86_64-linux/include:1
++ export INCLUDEPATH_modshare
++ MANPATH_modshare=/usr/local/share/man:1:/gpfs/share/apps/anaconda3/gpu/2022.10/man:1:/cm/local/apps/environment-modules/4.4.0//share/man:1:/cm/local/apps/environment-modules/current/share/man:1:/usr/share/man:1:/gpfs/share/apps/cuda/11.8/doc/man:1
++ export MANPATH_modshare
++ CUDA_INCLUDE_DIRS_modshare=/gpfs/share/apps/cuda/11.8/include:1
++ export CUDA_INCLUDE_DIRS_modshare
++ LIBRARY_PATH_modshare=/gpfs/share/apps/cuda/11.8/targets/x86_64-linux/lib:1:/gpfs/share/apps/cuda/11.8/lib64:1
++ export LIBRARY_PATH_modshare
++ MODULES_LMCONFLICT_modshare='anaconda3/gpu/2022.10&anaconda3&python:1'
++ export MODULES_LMCONFLICT_modshare
++ PYTHONPATH=/gpfs/share/apps/anaconda3/gpu/2022.10/lib/python3.9/site-packages
++ export PYTHONPATH
++ MODULES_LMNOTUASKED=cuda/11.8
++ export MODULES_LMNOTUASKED
++ CUDA_INSTALL_PATH=/gpfs/share/apps/cuda/11.8
++ export CUDA_INSTALL_PATH
++ CUDA_ROOT=/gpfs/share/apps/cuda/11.8
++ export CUDA_ROOT
++ PYTHONPATH_modshare=/gpfs/share/apps/anaconda3/gpu/2022.10/lib/python3.9/site-packages:1
++ export PYTHONPATH_modshare
++ MODULES_LMNOTUASKED_modshare=cuda/11.8:1
++ export MODULES_LMNOTUASKED_modshare
++ CUDA_PATH=/gpfs/share/apps/cuda/11.8
++ export CUDA_PATH
++ MODULES_LMPREREQ_modshare='anaconda3/gpu/2022.10&cuda/11.8&cuda:1'
++ export MODULES_LMPREREQ_modshare
++ CPATH_modshare=/gpfs/share/apps/anaconda3/gpu/2022.10/include:1
++ export CPATH_modshare
++ LD_LIBRARY_PATH_modshare=/gpfs/share/apps/cuda/11.8/extras/CUPTI/lib64:1:/gpfs/share/apps/cuda/11.8/targets/x86_64-linux/lib:1:/gpfs/share/apps/cuda/11.8/lib64:1
++ export LD_LIBRARY_PATH_modshare
++ CUDA_CUDART_LIBRARY=/gpfs/share/apps/cuda/11.8/targets/x86_64-linux/lib
++ export CUDA_CUDART_LIBRARY
++ _LMFILES__modshare=/cm/shared/modulefiles/cuda/11.8:1:/cm/shared/modulefiles/anaconda3/gpu/2022.10:1
++ export _LMFILES__modshare
++ LOADEDMODULES_modshare=cuda/11.8:1:anaconda3/gpu/2022.10:1
++ export LOADEDMODULES_modshare
++ CUDA_INC_PATH_modshare=/gpfs/share/apps/cuda/11.8/include:1
++ export CUDA_INC_PATH_modshare
++ CUDA_CUDART_LIBRARY_modshare=/gpfs/share/apps/cuda/11.8/targets/x86_64-linux/lib:1
++ export CUDA_CUDART_LIBRARY_modshare
++ CUDA_HOME=/gpfs/share/apps/cuda/11.8
++ export CUDA_HOME
++ PATH=/gpfs/share/apps/anaconda3/gpu/2022.10/bin:/gpfs/share/apps/cuda/11.8/bin:/cm/local/apps/environment-modules/4.4.0//bin:/usr/local/bin:/usr/bin:/usr/local/sbin:/usr/sbin:/sbin:/usr/sbin:/cm/local/apps/environment-modules/current/bin:/usr/lpp/mmfs/bin:/gpfs/home/kn2347/.local/bin:/gpfs/home/kn2347/bin
++ export PATH
++ PATH_modshare=/cm/local/apps/environment-modules/current/bin:1:/cm/local/apps/environment-modules/4.4.0//bin:1:/usr/bin:1:/gpfs/share/apps/anaconda3/gpu/2022.10/bin:1:/usr/local/bin:1:/sbin:1:/usr/sbin:1:/usr/lpp/mmfs/bin:1:/usr/local/sbin:1:/gpfs/home/kn2347/bin:1:/gpfs/home/kn2347/.local/bin:1:/gpfs/share/apps/cuda/11.8/bin:1
++ export PATH_modshare
++ source /gpfs/share/apps/anaconda3/gpu/2022.10/etc/profile.d/conda.sh
+++ export CONDA_EXE=/gpfs/share/apps/anaconda3/gpu/2022.10/bin/conda
+++ CONDA_EXE=/gpfs/share/apps/anaconda3/gpu/2022.10/bin/conda
+++ export _CE_M=
+++ _CE_M=
+++ export _CE_CONDA=
+++ _CE_CONDA=
+++ export CONDA_PYTHON_EXE=/gpfs/share/apps/anaconda3/gpu/2022.10/bin/python
+++ CONDA_PYTHON_EXE=/gpfs/share/apps/anaconda3/gpu/2022.10/bin/python
+++ '[' -z '' ']'
+++ export CONDA_SHLVL=0
+++ CONDA_SHLVL=0
+++ '[' -n '' ']'
+++++ dirname /gpfs/share/apps/anaconda3/gpu/2022.10/bin/conda
++++ dirname /gpfs/share/apps/anaconda3/gpu/2022.10/bin
+++ PATH=/gpfs/share/apps/anaconda3/gpu/2022.10/condabin:/gpfs/share/apps/anaconda3/gpu/2022.10/bin:/gpfs/share/apps/cuda/11.8/bin:/cm/local/apps/environment-modules/4.4.0//bin:/usr/local/bin:/usr/bin:/usr/local/sbin:/usr/sbin:/sbin:/usr/sbin:/cm/local/apps/environment-modules/current/bin:/usr/lpp/mmfs/bin:/gpfs/home/kn2347/.local/bin:/gpfs/home/kn2347/bin
+++ export PATH
+++ '[' -z '' ']'
+++ PS1=
++ test 0
+ _mlstatus=0
+ '[' -n x ']'
+ IFS=' 	
'
+ unset _mlre _mlv _mlrv _mlIFS
+ '[' -n '' ']'
+ unset _mlshdbg
+ return 0
+ module load anaconda3/gpu/2022.10
+ unset _mlshdbg
+ '[' 0 = 1 ']'
+ unset _mlre _mlIFS
+ '[' -n x ']'
+ _mlIFS=' 	
'
+ IFS=' '
+ '[' -n '' ']'
++ /usr/bin/tclsh /cm/local/apps/environment-modules/4.4.0/libexec/modulecmd.tcl bash load anaconda3/gpu/2022.10
+ eval
+ _mlstatus=0
+ '[' -n x ']'
+ IFS=' 	
'
+ unset _mlre _mlv _mlrv _mlIFS
+ '[' -n '' ']'
+ unset _mlshdbg
+ return 0
+ module load gcc/11.2.0
+ unset _mlshdbg
+ '[' 0 = 1 ']'
+ unset _mlre _mlIFS
+ '[' -n x ']'
+ _mlIFS=' 	
'
+ IFS=' '
+ '[' -n '' ']'
++ /usr/bin/tclsh /cm/local/apps/environment-modules/4.4.0/libexec/modulecmd.tcl bash load gcc/11.2.0
+ eval 'LD_RUN_PATH=/gpfs/share/apps/gcc/11.2.0/lib:/gpfs/share/apps/gcc/11.2.0/lib64;' export 'LD_RUN_PATH;
LD_LIBRARY_PATH=/gpfs/share/apps/gcc/11.2.0/lib:/gpfs/share/apps/gcc/11.2.0/lib64:/gpfs/share/apps/cuda/11.8/extras/CUPTI/lib64:/gpfs/share/apps/cuda/11.8/targets/x86_64-linux/lib:/gpfs/share/apps/cuda/11.8/lib64;' export 'LD_LIBRARY_PATH;
CPATH=/gpfs/share/apps/gcc/11.2.0/include:/gpfs/share/apps/anaconda3/gpu/2022.10/include;' export 'CPATH;
_LMFILES_=/cm/shared/modulefiles/cuda/11.8:/cm/shared/modulefiles/anaconda3/gpu/2022.10:/cm/shared/modulefiles/gcc/11.2.0;' export '_LMFILES_;
LOADEDMODULES=cuda/11.8:anaconda3/gpu/2022.10:gcc/11.2.0;' export 'LOADEDMODULES;
LIBDIR_modshare=/gpfs/share/apps/gcc/11.2.0/lib:1:/gpfs/share/apps/gcc/11.2.0/lib64:1;' export 'LIBDIR_modshare;
LD_RUN_PATH_modshare=/gpfs/share/apps/gcc/11.2.0/lib:1:/gpfs/share/apps/gcc/11.2.0/lib64:1;' export 'LD_RUN_PATH_modshare;
LD_LIBRARY_PATH_modshare=/gpfs/share/apps/gcc/11.2.0/lib:1:/gpfs/share/apps/cuda/11.8/extras/CUPTI/lib64:1:/gpfs/share/apps/cuda/11.8/targets/x86_64-linux/lib:1:/gpfs/share/apps/gcc/11.2.0/lib64:1:/gpfs/share/apps/cuda/11.8/lib64:1;' export 'LD_LIBRARY_PATH_modshare;
CPATH_modshare=/gpfs/share/apps/anaconda3/gpu/2022.10/include:1:/gpfs/share/apps/gcc/11.2.0/include:1;' export 'CPATH_modshare;
_LMFILES__modshare=/cm/shared/modulefiles/gcc/11.2.0:1:/cm/shared/modulefiles/cuda/11.8:1:/cm/shared/modulefiles/anaconda3/gpu/2022.10:1;' export '_LMFILES__modshare;
LOADEDMODULES_modshare=gcc/11.2.0:1:cuda/11.8:1:anaconda3/gpu/2022.10:1;' export 'LOADEDMODULES_modshare;
PATH=/gpfs/share/apps/gcc/11.2.0/bin:/gpfs/share/apps/anaconda3/gpu/2022.10/condabin:/gpfs/share/apps/anaconda3/gpu/2022.10/bin:/gpfs/share/apps/cuda/11.8/bin:/cm/local/apps/environment-modules/4.4.0//bin:/usr/local/bin:/usr/bin:/usr/local/sbin:/usr/sbin:/sbin:/usr/sbin:/cm/local/apps/environment-modules/current/bin:/usr/lpp/mmfs/bin:/gpfs/home/kn2347/.local/bin:/gpfs/home/kn2347/bin;' export 'PATH;
LIBDIR=/gpfs/share/apps/gcc/11.2.0/lib64:/gpfs/share/apps/gcc/11.2.0/lib;' export 'LIBDIR;
PATH_modshare=/cm/local/apps/environment-modules/4.4.0//bin:1:/cm/local/apps/environment-modules/current/bin:1:/usr/bin:1:/gpfs/share/apps/anaconda3/gpu/2022.10/bin:1:/usr/local/bin:1:/sbin:1:/usr/sbin:1:/usr/local/sbin:1:/usr/lpp/mmfs/bin:1:/gpfs/share/apps/gcc/11.2.0/bin:1:/gpfs/home/kn2347/.local/bin:1:/gpfs/home/kn2347/bin:1:/gpfs/share/apps/anaconda3/gpu/2022.10/condabin:1:/gpfs/share/apps/cuda/11.8/bin:1;' export 'PATH_modshare;

test' '0;'
++ LD_RUN_PATH=/gpfs/share/apps/gcc/11.2.0/lib:/gpfs/share/apps/gcc/11.2.0/lib64
++ export LD_RUN_PATH
++ LD_LIBRARY_PATH=/gpfs/share/apps/gcc/11.2.0/lib:/gpfs/share/apps/gcc/11.2.0/lib64:/gpfs/share/apps/cuda/11.8/extras/CUPTI/lib64:/gpfs/share/apps/cuda/11.8/targets/x86_64-linux/lib:/gpfs/share/apps/cuda/11.8/lib64
++ export LD_LIBRARY_PATH
++ CPATH=/gpfs/share/apps/gcc/11.2.0/include:/gpfs/share/apps/anaconda3/gpu/2022.10/include
++ export CPATH
++ _LMFILES_=/cm/shared/modulefiles/cuda/11.8:/cm/shared/modulefiles/anaconda3/gpu/2022.10:/cm/shared/modulefiles/gcc/11.2.0
++ export _LMFILES_
++ LOADEDMODULES=cuda/11.8:anaconda3/gpu/2022.10:gcc/11.2.0
++ export LOADEDMODULES
++ LIBDIR_modshare=/gpfs/share/apps/gcc/11.2.0/lib:1:/gpfs/share/apps/gcc/11.2.0/lib64:1
++ export LIBDIR_modshare
++ LD_RUN_PATH_modshare=/gpfs/share/apps/gcc/11.2.0/lib:1:/gpfs/share/apps/gcc/11.2.0/lib64:1
++ export LD_RUN_PATH_modshare
++ LD_LIBRARY_PATH_modshare=/gpfs/share/apps/gcc/11.2.0/lib:1:/gpfs/share/apps/cuda/11.8/extras/CUPTI/lib64:1:/gpfs/share/apps/cuda/11.8/targets/x86_64-linux/lib:1:/gpfs/share/apps/gcc/11.2.0/lib64:1:/gpfs/share/apps/cuda/11.8/lib64:1
++ export LD_LIBRARY_PATH_modshare
++ CPATH_modshare=/gpfs/share/apps/anaconda3/gpu/2022.10/include:1:/gpfs/share/apps/gcc/11.2.0/include:1
++ export CPATH_modshare
++ _LMFILES__modshare=/cm/shared/modulefiles/gcc/11.2.0:1:/cm/shared/modulefiles/cuda/11.8:1:/cm/shared/modulefiles/anaconda3/gpu/2022.10:1
++ export _LMFILES__modshare
++ LOADEDMODULES_modshare=gcc/11.2.0:1:cuda/11.8:1:anaconda3/gpu/2022.10:1
++ export LOADEDMODULES_modshare
++ PATH=/gpfs/share/apps/gcc/11.2.0/bin:/gpfs/share/apps/anaconda3/gpu/2022.10/condabin:/gpfs/share/apps/anaconda3/gpu/2022.10/bin:/gpfs/share/apps/cuda/11.8/bin:/cm/local/apps/environment-modules/4.4.0//bin:/usr/local/bin:/usr/bin:/usr/local/sbin:/usr/sbin:/sbin:/usr/sbin:/cm/local/apps/environment-modules/current/bin:/usr/lpp/mmfs/bin:/gpfs/home/kn2347/.local/bin:/gpfs/home/kn2347/bin
++ export PATH
++ LIBDIR=/gpfs/share/apps/gcc/11.2.0/lib64:/gpfs/share/apps/gcc/11.2.0/lib
++ export LIBDIR
++ PATH_modshare=/cm/local/apps/environment-modules/4.4.0//bin:1:/cm/local/apps/environment-modules/current/bin:1:/usr/bin:1:/gpfs/share/apps/anaconda3/gpu/2022.10/bin:1:/usr/local/bin:1:/sbin:1:/usr/sbin:1:/usr/local/sbin:1:/usr/lpp/mmfs/bin:1:/gpfs/share/apps/gcc/11.2.0/bin:1:/gpfs/home/kn2347/.local/bin:1:/gpfs/home/kn2347/bin:1:/gpfs/share/apps/anaconda3/gpu/2022.10/condabin:1:/gpfs/share/apps/cuda/11.8/bin:1
++ export PATH_modshare
++ test 0
+ _mlstatus=0
+ '[' -n x ']'
+ IFS=' 	
'
+ unset _mlre _mlv _mlrv _mlIFS
+ '[' -n '' ']'
+ unset _mlshdbg
+ return 0
+ conda activate medsam
+ local cmd=activate
+ case "$cmd" in
+ __conda_activate activate medsam
+ '[' -n '' ']'
+ local ask_conda
++ PS1=
++ __conda_exe shell.posix activate medsam
++ /gpfs/share/apps/anaconda3/gpu/2022.10/bin/conda shell.posix activate medsam
+ ask_conda='PS1='\''(medsam) '\''
export PATH='\''/gpfs/home/kn2347/.conda/envs/medsam/bin:/gpfs/share/apps/gcc/11.2.0/bin:/gpfs/share/apps/anaconda3/gpu/2022.10/condabin:/gpfs/share/apps/anaconda3/gpu/2022.10/bin:/gpfs/share/apps/cuda/11.8/bin:/cm/local/apps/environment-modules/4.4.0/bin:/usr/local/bin:/usr/bin:/usr/local/sbin:/usr/sbin:/sbin:/usr/sbin:/cm/local/apps/environment-modules/current/bin:/usr/lpp/mmfs/bin:/gpfs/home/kn2347/.local/bin:/gpfs/home/kn2347/bin'\''
export CONDA_PREFIX='\''/gpfs/home/kn2347/.conda/envs/medsam'\''
export CONDA_SHLVL='\''1'\''
export CONDA_DEFAULT_ENV='\''medsam'\''
export CONDA_PROMPT_MODIFIER='\''(medsam) '\''
export CONDA_EXE='\''/gpfs/share/apps/anaconda3/gpu/2022.10/bin/conda'\''
export _CE_M='\'''\''
export _CE_CONDA='\'''\''
export CONDA_PYTHON_EXE='\''/gpfs/share/apps/anaconda3/gpu/2022.10/bin/python'\'''
+ eval 'PS1='\''(medsam) '\''
export PATH='\''/gpfs/home/kn2347/.conda/envs/medsam/bin:/gpfs/share/apps/gcc/11.2.0/bin:/gpfs/share/apps/anaconda3/gpu/2022.10/condabin:/gpfs/share/apps/anaconda3/gpu/2022.10/bin:/gpfs/share/apps/cuda/11.8/bin:/cm/local/apps/environment-modules/4.4.0/bin:/usr/local/bin:/usr/bin:/usr/local/sbin:/usr/sbin:/sbin:/usr/sbin:/cm/local/apps/environment-modules/current/bin:/usr/lpp/mmfs/bin:/gpfs/home/kn2347/.local/bin:/gpfs/home/kn2347/bin'\''
export CONDA_PREFIX='\''/gpfs/home/kn2347/.conda/envs/medsam'\''
export CONDA_SHLVL='\''1'\''
export CONDA_DEFAULT_ENV='\''medsam'\''
export CONDA_PROMPT_MODIFIER='\''(medsam) '\''
export CONDA_EXE='\''/gpfs/share/apps/anaconda3/gpu/2022.10/bin/conda'\''
export _CE_M='\'''\''
export _CE_CONDA='\'''\''
export CONDA_PYTHON_EXE='\''/gpfs/share/apps/anaconda3/gpu/2022.10/bin/python'\'''
++ PS1='(medsam) '
++ export PATH=/gpfs/home/kn2347/.conda/envs/medsam/bin:/gpfs/share/apps/gcc/11.2.0/bin:/gpfs/share/apps/anaconda3/gpu/2022.10/condabin:/gpfs/share/apps/anaconda3/gpu/2022.10/bin:/gpfs/share/apps/cuda/11.8/bin:/cm/local/apps/environment-modules/4.4.0/bin:/usr/local/bin:/usr/bin:/usr/local/sbin:/usr/sbin:/sbin:/usr/sbin:/cm/local/apps/environment-modules/current/bin:/usr/lpp/mmfs/bin:/gpfs/home/kn2347/.local/bin:/gpfs/home/kn2347/bin
++ PATH=/gpfs/home/kn2347/.conda/envs/medsam/bin:/gpfs/share/apps/gcc/11.2.0/bin:/gpfs/share/apps/anaconda3/gpu/2022.10/condabin:/gpfs/share/apps/anaconda3/gpu/2022.10/bin:/gpfs/share/apps/cuda/11.8/bin:/cm/local/apps/environment-modules/4.4.0/bin:/usr/local/bin:/usr/bin:/usr/local/sbin:/usr/sbin:/sbin:/usr/sbin:/cm/local/apps/environment-modules/current/bin:/usr/lpp/mmfs/bin:/gpfs/home/kn2347/.local/bin:/gpfs/home/kn2347/bin
++ export CONDA_PREFIX=/gpfs/home/kn2347/.conda/envs/medsam
++ CONDA_PREFIX=/gpfs/home/kn2347/.conda/envs/medsam
++ export CONDA_SHLVL=1
++ CONDA_SHLVL=1
++ export CONDA_DEFAULT_ENV=medsam
++ CONDA_DEFAULT_ENV=medsam
++ export 'CONDA_PROMPT_MODIFIER=(medsam) '
++ CONDA_PROMPT_MODIFIER='(medsam) '
++ export CONDA_EXE=/gpfs/share/apps/anaconda3/gpu/2022.10/bin/conda
++ CONDA_EXE=/gpfs/share/apps/anaconda3/gpu/2022.10/bin/conda
++ export _CE_M=
++ _CE_M=
++ export _CE_CONDA=
++ _CE_CONDA=
++ export CONDA_PYTHON_EXE=/gpfs/share/apps/anaconda3/gpu/2022.10/bin/python
++ CONDA_PYTHON_EXE=/gpfs/share/apps/anaconda3/gpu/2022.10/bin/python
+ __conda_hashr
+ '[' -n '' ']'
+ '[' -n '' ']'
+ hash -r
+ module purge
+ unset _mlshdbg
+ '[' 0 = 1 ']'
+ unset _mlre _mlIFS
+ '[' -n x ']'
+ _mlIFS=' 	
'
+ IFS=' '
+ '[' -n '' ']'
++ /usr/bin/tclsh /cm/local/apps/environment-modules/4.4.0/libexec/modulecmd.tcl bash purge
+ eval unset 'MODULES_LMPREREQ;
unset' 'LD_RUN_PATH;
unset' 'LD_LIBRARY_PATH;
unset' 'CPATH;
unset' 'INCLUDEPATH;
unset' 'CUDA_INCLUDE_DIRS;
unset' 'LIBRARY_PATH;
MANPATH=/cm/local/apps/environment-modules/4.4.0//share/man:/usr/local/share/man:/usr/share/man:/cm/local/apps/environment-modules/current/share/man;' export 'MANPATH;
unset' 'CUDA_INC_PATH;
unset' 'CUDA_CMLOCAL_ROOT;
unset' '_LMFILES_;
unset' 'LOADEDMODULES;
unset' 'CUDA_CACHE_DISABLE;
unset' 'INCLUDEPATH_modshare;
unset' 'CUDA_INCLUDE_DIRS_modshare;
unset' 'LIBRARY_PATH_modshare;
unset' 'MODULES_LMCONFLICT;
unset' 'ANACONDA3_ROOT;
MANPATH_modshare=/usr/local/share/man:1:/cm/local/apps/environment-modules/4.4.0//share/man:1:/cm/local/apps/environment-modules/current/share/man:1:/usr/share/man:1;' export 'MANPATH_modshare;
unset' 'MODULES_LMCONFLICT_modshare;
unset' 'MODULES_LMNOTUASKED;
unset' 'CUDA_INSTALL_PATH;
unset' 'PYTHONPATH;
unset' 'CUDA_ROOT;
unset' 'LIBDIR_modshare;
unset' 'MODULES_LMNOTUASKED_modshare;
unset' 'CUDA_PATH;
unset' 'PYTHONPATH_modshare;
unset' 'MODULES_LMPREREQ_modshare;
unset' 'LD_RUN_PATH_modshare;
unset' 'LD_LIBRARY_PATH_modshare;
unset' 'CPATH_modshare;
unset' 'CUDA_CUDART_LIBRARY;
unset' 'CUDA_INC_PATH_modshare;
unset' '_LMFILES__modshare;
unset' 'LOADEDMODULES_modshare;
unset' 'CUDA_CUDART_LIBRARY_modshare;
unset' 'CUDA_HOME;
PATH=/gpfs/home/kn2347/.conda/envs/medsam/bin:/gpfs/share/apps/anaconda3/gpu/2022.10/condabin:/cm/local/apps/environment-modules/4.4.0/bin:/usr/local/bin:/usr/bin:/usr/local/sbin:/usr/sbin:/sbin:/usr/sbin:/cm/local/apps/environment-modules/current/bin:/usr/lpp/mmfs/bin:/gpfs/home/kn2347/.local/bin:/gpfs/home/kn2347/bin;' export 'PATH;
unset' 'LIBDIR;
PATH_modshare=/cm/local/apps/environment-modules/current/bin:1:/usr/bin:1:/gpfs/home/kn2347/.conda/envs/medsam/bin:1:/usr/local/bin:1:/cm/local/apps/environment-modules/4.4.0/bin:1:/sbin:1:/usr/sbin:1:/usr/local/sbin:1:/usr/lpp/mmfs/bin:1:/gpfs/home/kn2347/.local/bin:1:/gpfs/home/kn2347/bin:1:/gpfs/share/apps/anaconda3/gpu/2022.10/condabin:1;' export 'PATH_modshare;
test' '0;'
++ unset MODULES_LMPREREQ
++ unset LD_RUN_PATH
++ unset LD_LIBRARY_PATH
++ unset CPATH
++ unset INCLUDEPATH
++ unset CUDA_INCLUDE_DIRS
++ unset LIBRARY_PATH
++ MANPATH=/cm/local/apps/environment-modules/4.4.0//share/man:/usr/local/share/man:/usr/share/man:/cm/local/apps/environment-modules/current/share/man
++ export MANPATH
++ unset CUDA_INC_PATH
++ unset CUDA_CMLOCAL_ROOT
++ unset _LMFILES_
++ unset LOADEDMODULES
++ unset CUDA_CACHE_DISABLE
++ unset INCLUDEPATH_modshare
++ unset CUDA_INCLUDE_DIRS_modshare
++ unset LIBRARY_PATH_modshare
++ unset MODULES_LMCONFLICT
++ unset ANACONDA3_ROOT
++ MANPATH_modshare=/usr/local/share/man:1:/cm/local/apps/environment-modules/4.4.0//share/man:1:/cm/local/apps/environment-modules/current/share/man:1:/usr/share/man:1
++ export MANPATH_modshare
++ unset MODULES_LMCONFLICT_modshare
++ unset MODULES_LMNOTUASKED
++ unset CUDA_INSTALL_PATH
++ unset PYTHONPATH
++ unset CUDA_ROOT
++ unset LIBDIR_modshare
++ unset MODULES_LMNOTUASKED_modshare
++ unset CUDA_PATH
++ unset PYTHONPATH_modshare
++ unset MODULES_LMPREREQ_modshare
++ unset LD_RUN_PATH_modshare
++ unset LD_LIBRARY_PATH_modshare
++ unset CPATH_modshare
++ unset CUDA_CUDART_LIBRARY
++ unset CUDA_INC_PATH_modshare
++ unset _LMFILES__modshare
++ unset LOADEDMODULES_modshare
++ unset CUDA_CUDART_LIBRARY_modshare
++ unset CUDA_HOME
++ PATH=/gpfs/home/kn2347/.conda/envs/medsam/bin:/gpfs/share/apps/anaconda3/gpu/2022.10/condabin:/cm/local/apps/environment-modules/4.4.0/bin:/usr/local/bin:/usr/bin:/usr/local/sbin:/usr/sbin:/sbin:/usr/sbin:/cm/local/apps/environment-modules/current/bin:/usr/lpp/mmfs/bin:/gpfs/home/kn2347/.local/bin:/gpfs/home/kn2347/bin
++ export PATH
++ unset LIBDIR
++ PATH_modshare=/cm/local/apps/environment-modules/current/bin:1:/usr/bin:1:/gpfs/home/kn2347/.conda/envs/medsam/bin:1:/usr/local/bin:1:/cm/local/apps/environment-modules/4.4.0/bin:1:/sbin:1:/usr/sbin:1:/usr/local/sbin:1:/usr/lpp/mmfs/bin:1:/gpfs/home/kn2347/.local/bin:1:/gpfs/home/kn2347/bin:1:/gpfs/share/apps/anaconda3/gpu/2022.10/condabin:1
++ export PATH_modshare
++ test 0
+ _mlstatus=0
+ '[' -n x ']'
+ IFS=' 	
'
+ unset _mlre _mlv _mlrv _mlIFS
+ '[' -n '' ']'
+ unset _mlshdbg
+ return 0
+ module load slurm/current
+ unset _mlshdbg
+ '[' 0 = 1 ']'
+ unset _mlre _mlIFS
+ '[' -n x ']'
+ _mlIFS=' 	
'
+ IFS=' '
+ '[' -n '' ']'
++ /usr/bin/tclsh /cm/local/apps/environment-modules/4.4.0/libexec/modulecmd.tcl bash load slurm/current
Loading slurm/current
  Loading requirement: json-c/0.17
+ eval 'MODULES_LMPREREQ=slurm/current\&json-c/0.17;' export 'MODULES_LMPREREQ;
LD_LIBRARY_PATH=/cm/shared/apps/slurm/current/lib64/slurm:/cm/shared/apps/slurm/current/lib64:/gpfs/share/apps/json-c/0.17/lib64;' export 'LD_LIBRARY_PATH;
CPATH=/cm/shared/apps/slurm/current/include:/gpfs/share/apps/json-c/0.17/include;' export 'CPATH;
LIBRARY_PATH=/cm/shared/apps/slurm/current/lib64/slurm:/cm/shared/apps/slurm/current/lib64;' export 'LIBRARY_PATH;
MANPATH=/cm/shared/apps/slurm/current/share/man:/cm/local/apps/environment-modules/4.4.0//share/man:/usr/local/share/man:/usr/share/man:/cm/local/apps/environment-modules/current/share/man;' export 'MANPATH;
LOADEDMODULES=json-c/0.17:slurm/current;' export 'LOADEDMODULES;
_LMFILES_=/cm/shared/modulefiles/json-c/0.17:/cm/shared/modulefiles/slurm/current;' export '_LMFILES_;
MODULES_LMALTNAME=slurm/current\&slurm/default\&slurm;' export 'MODULES_LMALTNAME;
LIBRARY_PATH_modshare=/cm/shared/apps/slurm/current/lib64:1:/cm/shared/apps/slurm/current/lib64/slurm:1;' export 'LIBRARY_PATH_modshare;
MANPATH_modshare=/usr/local/share/man:1:/cm/shared/apps/slurm/current/share/man:1:/cm/local/apps/environment-modules/4.4.0//share/man:1:/cm/local/apps/environment-modules/current/share/man:1:/usr/share/man:1;' export 'MANPATH_modshare;
PKG_CONFIG_PATH=/gpfs/share/apps/json-c/0.17/lib64/pkgconfig;' export 'PKG_CONFIG_PATH;
MODULES_LMALTNAME_modshare=slurm/current\&slurm/default\&slurm:1;' export 'MODULES_LMALTNAME_modshare;
PKG_CONFIG_PATH_modshare=/gpfs/share/apps/json-c/0.17/lib64/pkgconfig:1;' export 'PKG_CONFIG_PATH_modshare;
MODULES_LMNOTUASKED=json-c/0.17;' export 'MODULES_LMNOTUASKED;
MODULES_LMNOTUASKED_modshare=json-c/0.17:1;' export 'MODULES_LMNOTUASKED_modshare;
MODULES_LMPREREQ_modshare=slurm/current\&json-c/0.17:1;' export 'MODULES_LMPREREQ_modshare;
LD_LIBRARY_PATH_modshare=/cm/shared/apps/slurm/current/lib64:1:/cm/shared/apps/slurm/current/lib64/slurm:1:/gpfs/share/apps/json-c/0.17/lib64:1;' export 'LD_LIBRARY_PATH_modshare;
CPATH_modshare=/gpfs/share/apps/json-c/0.17/include:1:/cm/shared/apps/slurm/current/include:1;' export 'CPATH_modshare;
LOADEDMODULES_modshare=slurm/current:1:json-c/0.17:1;' export 'LOADEDMODULES_modshare;
_LMFILES__modshare=/cm/shared/modulefiles/slurm/current:1:/cm/shared/modulefiles/json-c/0.17:1;' export '_LMFILES__modshare;
PATH=/cm/shared/apps/slurm/current/sbin:/cm/shared/apps/slurm/current/bin:/gpfs/home/kn2347/.conda/envs/medsam/bin:/gpfs/share/apps/anaconda3/gpu/2022.10/condabin:/cm/local/apps/environment-modules/4.4.0/bin:/usr/local/bin:/usr/bin:/usr/local/sbin:/usr/sbin:/sbin:/usr/sbin:/cm/local/apps/environment-modules/current/bin:/usr/lpp/mmfs/bin:/gpfs/home/kn2347/.local/bin:/gpfs/home/kn2347/bin;' export 'PATH;
PATH_modshare=/cm/local/apps/environment-modules/current/bin:1:/usr/bin:1:/gpfs/home/kn2347/.conda/envs/medsam/bin:1:/usr/local/bin:1:/cm/shared/apps/slurm/current/bin:1:/cm/shared/apps/slurm/current/sbin:1:/cm/local/apps/environment-modules/4.4.0/bin:1:/sbin:1:/usr/sbin:1:/usr/local/sbin:1:/usr/lpp/mmfs/bin:1:/gpfs/home/kn2347/.local/bin:1:/gpfs/home/kn2347/bin:1:/gpfs/share/apps/anaconda3/gpu/2022.10/condabin:1;' export 'PATH_modshare;

test' '0;'
++ MODULES_LMPREREQ='slurm/current&json-c/0.17'
++ export MODULES_LMPREREQ
++ LD_LIBRARY_PATH=/cm/shared/apps/slurm/current/lib64/slurm:/cm/shared/apps/slurm/current/lib64:/gpfs/share/apps/json-c/0.17/lib64
++ export LD_LIBRARY_PATH
++ CPATH=/cm/shared/apps/slurm/current/include:/gpfs/share/apps/json-c/0.17/include
++ export CPATH
++ LIBRARY_PATH=/cm/shared/apps/slurm/current/lib64/slurm:/cm/shared/apps/slurm/current/lib64
++ export LIBRARY_PATH
++ MANPATH=/cm/shared/apps/slurm/current/share/man:/cm/local/apps/environment-modules/4.4.0//share/man:/usr/local/share/man:/usr/share/man:/cm/local/apps/environment-modules/current/share/man
++ export MANPATH
++ LOADEDMODULES=json-c/0.17:slurm/current
++ export LOADEDMODULES
++ _LMFILES_=/cm/shared/modulefiles/json-c/0.17:/cm/shared/modulefiles/slurm/current
++ export _LMFILES_
++ MODULES_LMALTNAME='slurm/current&slurm/default&slurm'
++ export MODULES_LMALTNAME
++ LIBRARY_PATH_modshare=/cm/shared/apps/slurm/current/lib64:1:/cm/shared/apps/slurm/current/lib64/slurm:1
++ export LIBRARY_PATH_modshare
++ MANPATH_modshare=/usr/local/share/man:1:/cm/shared/apps/slurm/current/share/man:1:/cm/local/apps/environment-modules/4.4.0//share/man:1:/cm/local/apps/environment-modules/current/share/man:1:/usr/share/man:1
++ export MANPATH_modshare
++ PKG_CONFIG_PATH=/gpfs/share/apps/json-c/0.17/lib64/pkgconfig
++ export PKG_CONFIG_PATH
++ MODULES_LMALTNAME_modshare='slurm/current&slurm/default&slurm:1'
++ export MODULES_LMALTNAME_modshare
++ PKG_CONFIG_PATH_modshare=/gpfs/share/apps/json-c/0.17/lib64/pkgconfig:1
++ export PKG_CONFIG_PATH_modshare
++ MODULES_LMNOTUASKED=json-c/0.17
++ export MODULES_LMNOTUASKED
++ MODULES_LMNOTUASKED_modshare=json-c/0.17:1
++ export MODULES_LMNOTUASKED_modshare
++ MODULES_LMPREREQ_modshare='slurm/current&json-c/0.17:1'
++ export MODULES_LMPREREQ_modshare
++ LD_LIBRARY_PATH_modshare=/cm/shared/apps/slurm/current/lib64:1:/cm/shared/apps/slurm/current/lib64/slurm:1:/gpfs/share/apps/json-c/0.17/lib64:1
++ export LD_LIBRARY_PATH_modshare
++ CPATH_modshare=/gpfs/share/apps/json-c/0.17/include:1:/cm/shared/apps/slurm/current/include:1
++ export CPATH_modshare
++ LOADEDMODULES_modshare=slurm/current:1:json-c/0.17:1
++ export LOADEDMODULES_modshare
++ _LMFILES__modshare=/cm/shared/modulefiles/slurm/current:1:/cm/shared/modulefiles/json-c/0.17:1
++ export _LMFILES__modshare
++ PATH=/cm/shared/apps/slurm/current/sbin:/cm/shared/apps/slurm/current/bin:/gpfs/home/kn2347/.conda/envs/medsam/bin:/gpfs/share/apps/anaconda3/gpu/2022.10/condabin:/cm/local/apps/environment-modules/4.4.0/bin:/usr/local/bin:/usr/bin:/usr/local/sbin:/usr/sbin:/sbin:/usr/sbin:/cm/local/apps/environment-modules/current/bin:/usr/lpp/mmfs/bin:/gpfs/home/kn2347/.local/bin:/gpfs/home/kn2347/bin
++ export PATH
++ PATH_modshare=/cm/local/apps/environment-modules/current/bin:1:/usr/bin:1:/gpfs/home/kn2347/.conda/envs/medsam/bin:1:/usr/local/bin:1:/cm/shared/apps/slurm/current/bin:1:/cm/shared/apps/slurm/current/sbin:1:/cm/local/apps/environment-modules/4.4.0/bin:1:/sbin:1:/usr/sbin:1:/usr/local/sbin:1:/usr/lpp/mmfs/bin:1:/gpfs/home/kn2347/.local/bin:1:/gpfs/home/kn2347/bin:1:/gpfs/share/apps/anaconda3/gpu/2022.10/condabin:1
++ export PATH_modshare
++ test 0
+ _mlstatus=0
+ '[' -n x ']'
+ IFS=' 	
'
+ unset _mlre _mlv _mlrv _mlIFS
+ '[' -n '' ']'
+ unset _mlshdbg
+ return 0
+ export WANDB_API_KEY=e51b9830c285698aced24214131f58ee2bfbd5e3
+ WANDB_API_KEY=e51b9830c285698aced24214131f58ee2bfbd5e3
+ export WANDB_CACHE_DIR=/gpfs/home/kn2347/.cache/wandb
+ WANDB_CACHE_DIR=/gpfs/home/kn2347/.cache/wandb
+ export WANDB_CONFIG_DIR=/gpfs/home/kn2347/.config/wandb
+ WANDB_CONFIG_DIR=/gpfs/home/kn2347/.config/wandb
+ export WANDB_DIR=/gpfs/home/kn2347/wandb
+ WANDB_DIR=/gpfs/home/kn2347/wandb
+ export CUDA_VISIBLE_DEVICES=0
+ CUDA_VISIBLE_DEVICES=0
+ export label=7
+ label=7
+ export frac=250
+ frac=250
+ export lr=0.0005
+ lr=0.0005
+ export workdir=/gpfs/data/luilab/karthik/pediatric_seg_proj/results_copied_from_kn2347/subset_analysis_11-12-24/MedSAM_Oracle
+ workdir=/gpfs/data/luilab/karthik/pediatric_seg_proj/results_copied_from_kn2347/subset_analysis_11-12-24/MedSAM_Oracle
+ export repeat=2
+ repeat=2
+ mkdir -p /gpfs/data/luilab/karthik/pediatric_seg_proj/results_copied_from_kn2347/subset_analysis_11-12-24/MedSAM_Oracle/test/0.0005/7/250/2/at_least_100
+ ls '/gpfs/data/luilab/karthik/pediatric_seg_proj/results_copied_from_kn2347/subset_analysis_11-12-24/MedSAM_Oracle/test/0.0005/7/250/2/at_least_100/*.pkl'
+ (( i=0 ))
+ (( i < 1 ))
+ (( ++i  ))
+ (( i < 1 ))
+ wait
+ srun -lN1 --mem=16G -c 1 -N 1 -n 1 -r 0 bash -c 'python experiment_code/4_evaluate/full_eval_val_test.py     --model_type singletask_yolov7_prompted     --explicit_model_path /gpfs/data/luilab/karthik/pediatric_seg_proj/results_copied_from_kn2347/subset_analysis_11-12-24/MedSAM_Oracle/training/0.0005/7/250/2/*/medsam_model_best.pth     --explicit_yolo_bbox_dataframe_path /gpfs/data/luilab/karthik/pediatric_seg_proj/per_class_isolated_df_new/7/0.1/isolated_path_df_bboxes_from_ground_truth.csv     --explicit_dataframe_to_merge_with_yolo_path /gpfs/data/luilab/karthik/pediatric_seg_proj/path_df_constant_bbox.csv     --dataframe_mask_npy_path /gpfs/data/luilab/karthik/pediatric_seg_proj/per_class_eval_dfs/at_least_100_mask_arrays/label7.npy     --label 7     --tag test     -train_test_splits /gpfs/data/luilab/karthik/pediatric_seg_proj/train_val_test_split.pickle     --batch_size 64     --df_starting_mapping_path /gpfs/home/kn2347/HCP_MedSAM_project/modified_medsam_repo/hcp_mapping_processed.csv     --df_desired_path /gpfs/home/kn2347/HCP_MedSAM_project/modified_medsam_repo/darts_name_class_mapping_processed.csv     --output_dir /gpfs/data/luilab/karthik/pediatric_seg_proj/results_copied_from_kn2347/subset_analysis_11-12-24/MedSAM_Oracle/test/0.0005/7/250/2/at_least_100'
++ date
+ echo 'END TIME: Fri Nov 29 14:17:49 EST 2024'
END TIME: Fri Nov 29 14:17:49 EST 2024
